<?xml version="1.0" encoding="UTF-8"?>
<!-- Generated by org.testng.reporters.JUnitReportReporter -->
<testsuite hostname="DESKTOP-6P22Q5P" failures="0" tests="1" name="tests.LoginTest" time="9.003" errors="0" timestamp="2024-02-08T14:16:49 IST" skipped="0">
  <testcase classname="tests.LoginTest" name="testLogin" time="9.003"/>
</testsuite> <!-- tests.LoginTest -->
