<?xml version="1.0" encoding="UTF-8"?>
<!-- Generated by org.testng.reporters.JUnitReportReporter -->
<testsuite hostname="DESKTOP-6P22Q5P" failures="0" tests="1" name="tests.RegisterTestGrid_0" time="5.997" errors="0" timestamp="2024-02-11T09:23:19 IST" skipped="0">
  <testcase classname="tests.RegisterTestGrid_0" name="testRegistration" time="5.997"/>
</testsuite> <!-- tests.RegisterTestGrid_0 -->
