<?xml version="1.0" encoding="UTF-8"?>
<!-- Generated by org.testng.reporters.JUnitReportReporter -->
<testsuite hostname="DESKTOP-6P22Q5P" failures="0" tests="2" name="tests.RegisterTestGrid_1" time="177.934" errors="0" timestamp="2024-02-11T09:30:26 IST" skipped="0">
  <testcase classname="tests.RegisterTestGrid_1" name="setUp" time="172.272"/>
  <testcase classname="tests.RegisterTestGrid_1" name="testRegistration" time="5.662"/>
</testsuite> <!-- tests.RegisterTestGrid_1 -->
